2023-09-22 09:18:20.759  INFO 7724 --- [main] com.example.demo1.Demo1Application       : Starting Demo1Application using Java 1.8.0_342 on XIAOHU-JISUANJIIN with PID 7724 (F:\demo-work\target\classes started by ç™½æ³½ in F:\demo-work)
2023-09-22 09:18:20.775  INFO 7724 --- [main] com.example.demo1.Demo1Application       : No active profile set, falling back to default profiles: default
2023-09-22 09:18:20.988  WARN 7724 --- [main] ConfigServletWebServerApplicationContext : Exception encountered during context initialization - cancelling refresh attempt: org.springframework.beans.factory.BeanDefinitionStoreException: Failed to parse configuration class [com.example.demo1.Demo1Application]; nested exception is java.io.FileNotFoundException: class path resource [jdbc.properties] cannot be opened because it does not exist
2023-09-22 09:18:21.021 ERROR 7724 --- [main] o.s.boot.SpringApplication               : Application run failed

org.springframework.beans.factory.BeanDefinitionStoreException: Failed to parse configuration class [com.example.demo1.Demo1Application]; nested exception is java.io.FileNotFoundException: class path resource [jdbc.properties] cannot be opened because it does not exist
	at org.springframework.context.annotation.ConfigurationClassParser.parse(ConfigurationClassParser.java:189) ~[spring-context-5.3.9.jar:5.3.9]
	at org.springframework.context.annotation.ConfigurationClassPostProcessor.processConfigBeanDefinitions(ConfigurationClassPostProcessor.java:331) ~[spring-context-5.3.9.jar:5.3.9]
	at org.springframework.context.annotation.ConfigurationClassPostProcessor.postProcessBeanDefinitionRegistry(ConfigurationClassPostProcessor.java:247) ~[spring-context-5.3.9.jar:5.3.9]
	at org.springframework.context.support.PostProcessorRegistrationDelegate.invokeBeanDefinitionRegistryPostProcessors(PostProcessorRegistrationDelegate.java:311) ~[spring-context-5.3.9.jar:5.3.9]
	at org.springframework.context.support.PostProcessorRegistrationDelegate.invokeBeanFactoryPostProcessors(PostProcessorRegistrationDelegate.java:112) ~[spring-context-5.3.9.jar:5.3.9]
	at org.springframework.context.support.AbstractApplicationContext.invokeBeanFactoryPostProcessors(AbstractApplicationContext.java:746) ~[spring-context-5.3.9.jar:5.3.9]
	at org.springframework.context.support.AbstractApplicationContext.refresh(AbstractApplicationContext.java:564) ~[spring-context-5.3.9.jar:5.3.9]
	at org.springframework.boot.web.servlet.context.ServletWebServerApplicationContext.refresh(ServletWebServerApplicationContext.java:145) ~[spring-boot-2.5.4.jar:2.5.4]
	at org.springframework.boot.SpringApplication.refresh(SpringApplication.java:754) [spring-boot-2.5.4.jar:2.5.4]
	at org.springframework.boot.SpringApplication.refreshContext(SpringApplication.java:434) [spring-boot-2.5.4.jar:2.5.4]
	at org.springframework.boot.SpringApplication.run(SpringApplication.java:338) [spring-boot-2.5.4.jar:2.5.4]
	at org.springframework.boot.SpringApplication.run(SpringApplication.java:1343) [spring-boot-2.5.4.jar:2.5.4]
	at org.springframework.boot.SpringApplication.run(SpringApplication.java:1332) [spring-boot-2.5.4.jar:2.5.4]
	at com.example.demo1.Demo1Application.main(Demo1Application.java:19) [classes/:na]
Caused by: java.io.FileNotFoundException: class path resource [jdbc.properties] cannot be opened because it does not exist
	at org.springframework.core.io.ClassPathResource.getInputStream(ClassPathResource.java:187) ~[spring-core-5.3.9.jar:5.3.9]
	at org.springframework.core.io.support.EncodedResource.getInputStream(EncodedResource.java:159) ~[spring-core-5.3.9.jar:5.3.9]
	at org.springframework.core.io.support.PropertiesLoaderUtils.fillProperties(PropertiesLoaderUtils.java:110) ~[spring-core-5.3.9.jar:5.3.9]
	at org.springframework.core.io.support.PropertiesLoaderUtils.fillProperties(PropertiesLoaderUtils.java:81) ~[spring-core-5.3.9.jar:5.3.9]
	at org.springframework.core.io.support.PropertiesLoaderUtils.loadProperties(PropertiesLoaderUtils.java:67) ~[spring-core-5.3.9.jar:5.3.9]
	at org.springframework.core.io.support.ResourcePropertySource.<init>(ResourcePropertySource.java:67) ~[spring-core-5.3.9.jar:5.3.9]
	at org.springframework.core.io.support.DefaultPropertySourceFactory.createPropertySource(DefaultPropertySourceFactory.java:37) ~[spring-core-5.3.9.jar:5.3.9]
	at org.springframework.context.annotation.ConfigurationClassParser.processPropertySource(ConfigurationClassParser.java:463) ~[spring-context-5.3.9.jar:5.3.9]
	at org.springframework.context.annotation.ConfigurationClassParser.doProcessConfigurationClass(ConfigurationClassParser.java:280) ~[spring-context-5.3.9.jar:5.3.9]
	at org.springframework.context.annotation.ConfigurationClassParser.processConfigurationClass(ConfigurationClassParser.java:250) ~[spring-context-5.3.9.jar:5.3.9]
	at org.springframework.context.annotation.ConfigurationClassParser.parse(ConfigurationClassParser.java:199) ~[spring-context-5.3.9.jar:5.3.9]
	at org.springframework.context.annotation.ConfigurationClassParser.doProcessConfigurationClass(ConfigurationClassParser.java:304) ~[spring-context-5.3.9.jar:5.3.9]
	at org.springframework.context.annotation.ConfigurationClassParser.processConfigurationClass(ConfigurationClassParser.java:250) ~[spring-context-5.3.9.jar:5.3.9]
	at org.springframework.context.annotation.ConfigurationClassParser.parse(ConfigurationClassParser.java:207) ~[spring-context-5.3.9.jar:5.3.9]
	at org.springframework.context.annotation.ConfigurationClassParser.parse(ConfigurationClassParser.java:175) ~[spring-context-5.3.9.jar:5.3.9]
	... 13 common frames omitted

2023-09-22 09:20:28.643  INFO 26712 --- [main] com.example.demo1.Demo1ApplicationTests  : Starting Demo1ApplicationTests using Java 1.8.0_342 on XIAOHU-JISUANJIIN with PID 26712 (started by °×Ôó in F:\demo-work)
2023-09-22 09:20:28.646  INFO 26712 --- [main] com.example.demo1.Demo1ApplicationTests  : No active profile set, falling back to default profiles: default
2023-09-22 09:20:29.008  WARN 26712 --- [main] o.s.w.c.s.GenericWebApplicationContext   : Exception encountered during context initialization - cancelling refresh attempt: org.springframework.beans.factory.BeanDefinitionStoreException: Failed to parse configuration class [com.example.demo1.Demo1Application]; nested exception is java.io.FileNotFoundException: Could not open ServletContext resource [/jdbc.properties]
2023-09-22 09:20:29.034 ERROR 26712 --- [main] o.s.boot.SpringApplication               : Application run failed

org.springframework.beans.factory.BeanDefinitionStoreException: Failed to parse configuration class [com.example.demo1.Demo1Application]; nested exception is java.io.FileNotFoundException: Could not open ServletContext resource [/jdbc.properties]
	at org.springframework.context.annotation.ConfigurationClassParser.parse(ConfigurationClassParser.java:189) ~[spring-context-5.3.9.jar:5.3.9]
	at org.springframework.context.annotation.ConfigurationClassPostProcessor.processConfigBeanDefinitions(ConfigurationClassPostProcessor.java:331) ~[spring-context-5.3.9.jar:5.3.9]
	at org.springframework.context.annotation.ConfigurationClassPostProcessor.postProcessBeanDefinitionRegistry(ConfigurationClassPostProcessor.java:247) ~[spring-context-5.3.9.jar:5.3.9]
	at org.springframework.context.support.PostProcessorRegistrationDelegate.invokeBeanDefinitionRegistryPostProcessors(PostProcessorRegistrationDelegate.java:311) ~[spring-context-5.3.9.jar:5.3.9]
	at org.springframework.context.support.PostProcessorRegistrationDelegate.invokeBeanFactoryPostProcessors(PostProcessorRegistrationDelegate.java:112) ~[spring-context-5.3.9.jar:5.3.9]
	at org.springframework.context.support.AbstractApplicationContext.invokeBeanFactoryPostProcessors(AbstractApplicationContext.java:746) ~[spring-context-5.3.9.jar:5.3.9]
	at org.springframework.context.support.AbstractApplicationContext.refresh(AbstractApplicationContext.java:564) ~[spring-context-5.3.9.jar:5.3.9]
	at org.springframework.boot.SpringApplication.refresh(SpringApplication.java:754) ~[spring-boot-2.5.4.jar:2.5.4]
	at org.springframework.boot.SpringApplication.refreshContext(SpringApplication.java:434) ~[spring-boot-2.5.4.jar:2.5.4]
	at org.springframework.boot.SpringApplication.run(SpringApplication.java:338) ~[spring-boot-2.5.4.jar:2.5.4]
	at org.springframework.boot.test.context.SpringBootContextLoader.loadContext(SpringBootContextLoader.java:123) [spring-boot-test-2.5.4.jar:2.5.4]
	at org.springframework.test.context.cache.DefaultCacheAwareContextLoaderDelegate.loadContextInternal(DefaultCacheAwareContextLoaderDelegate.java:99) [spring-test-5.3.9.jar:5.3.9]
	at org.springframework.test.context.cache.DefaultCacheAwareContextLoaderDelegate.loadContext(DefaultCacheAwareContextLoaderDelegate.java:124) [spring-test-5.3.9.jar:5.3.9]
	at org.springframework.test.context.support.DefaultTestContext.getApplicationContext(DefaultTestContext.java:124) [spring-test-5.3.9.jar:5.3.9]
	at org.springframework.test.context.web.ServletTestExecutionListener.setUpRequestContextIfNecessary(ServletTestExecutionListener.java:190) [spring-test-5.3.9.jar:5.3.9]
	at org.springframework.test.context.web.ServletTestExecutionListener.prepareTestInstance(ServletTestExecutionListener.java:132) [spring-test-5.3.9.jar:5.3.9]
	at org.springframework.test.context.TestContextManager.prepareTestInstance(TestContextManager.java:244) [spring-test-5.3.9.jar:5.3.9]
	at org.springframework.test.context.junit.jupiter.SpringExtension.postProcessTestInstance(SpringExtension.java:138) [spring-test-5.3.9.jar:5.3.9]
	at org.junit.jupiter.engine.descriptor.ClassBasedTestDescriptor.lambda$invokeTestInstancePostProcessors$6(ClassBasedTestDescriptor.java:350) [junit-jupiter-engine-5.7.2.jar:5.7.2]
	at org.junit.jupiter.engine.descriptor.ClassBasedTestDescriptor.executeAndMaskThrowable(ClassBasedTestDescriptor.java:355) [junit-jupiter-engine-5.7.2.jar:5.7.2]
	at org.junit.jupiter.engine.descriptor.ClassBasedTestDescriptor.lambda$invokeTestInstancePostProcessors$7(ClassBasedTestDescriptor.java:350) [junit-jupiter-engine-5.7.2.jar:5.7.2]
	at java.util.stream.ReferencePipeline$3$1.accept(ReferencePipeline.java:193) ~[na:na]
	at java.util.stream.ReferencePipeline$2$1.accept(ReferencePipeline.java:175) ~[na:na]
	at java.util.ArrayList$ArrayListSpliterator.forEachRemaining(ArrayList.java:1384) ~[na:na]
	at java.util.stream.AbstractPipeline.copyInto(AbstractPipeline.java:482) ~[na:na]
	at java.util.stream.AbstractPipeline.wrapAndCopyInto(AbstractPipeline.java:472) ~[na:na]
	at java.util.stream.StreamSpliterators$WrappingSpliterator.forEachRemaining(StreamSpliterators.java:313) ~[na:na]
	at java.util.stream.Streams$ConcatSpliterator.forEachRemaining(Streams.java:743) ~[na:na]
	at java.util.stream.Streams$ConcatSpliterator.forEachRemaining(Streams.java:742) ~[na:na]
	at java.util.stream.ReferencePipeline$Head.forEach(ReferencePipeline.java:647) ~[na:na]
	at org.junit.jupiter.engine.descriptor.ClassBasedTestDescriptor.invokeTestInstancePostProcessors(ClassBasedTestDescriptor.java:349) [junit-jupiter-engine-5.7.2.jar:5.7.2]
	at org.junit.jupiter.engine.descriptor.ClassBasedTestDescriptor.lambda$instantiateAndPostProcessTestInstance$4(ClassBasedTestDescriptor.java:270) [junit-jupiter-engine-5.7.2.jar:5.7.2]
	at org.junit.platform.engine.support.hierarchical.ThrowableCollector.execute(ThrowableCollector.java:73) ~[junit-platform-engine-1.7.2.jar:1.7.2]
	at org.junit.jupiter.engine.descriptor.ClassBasedTestDescriptor.instantiateAndPostProcessTestInstance(ClassBasedTestDescriptor.java:269) [junit-jupiter-engine-5.7.2.jar:5.7.2]
	at org.junit.jupiter.engine.descriptor.ClassBasedTestDescriptor.lambda$testInstancesProvider$2(ClassBasedTestDescriptor.java:259) [junit-jupiter-engine-5.7.2.jar:5.7.2]
	at java.util.Optional.orElseGet(Optional.java:267) ~[na:na]
	at org.junit.jupiter.engine.descriptor.ClassBasedTestDescriptor.lambda$testInstancesProvider$3(ClassBasedTestDescriptor.java:258) [junit-jupiter-engine-5.7.2.jar:5.7.2]
	at org.junit.jupiter.engine.execution.TestInstancesProvider.getTestInstances(TestInstancesProvider.java:31) ~[junit-jupiter-engine-5.7.2.jar:5.7.2]
	at org.junit.jupiter.engine.descriptor.TestMethodTestDescriptor.lambda$prepare$0(TestMethodTestDescriptor.java:101) ~[junit-jupiter-engine-5.7.2.jar:5.7.2]
	at org.junit.platform.engine.support.hierarchical.ThrowableCollector.execute(ThrowableCollector.java:73) ~[junit-platform-engine-1.7.2.jar:1.7.2]
	at org.junit.jupiter.engine.descriptor.TestMethodTestDescriptor.prepare(TestMethodTestDescriptor.java:100) ~[junit-jupiter-engine-5.7.2.jar:5.7.2]
	at org.junit.jupiter.engine.descriptor.TestMethodTestDescriptor.prepare(TestMethodTestDescriptor.java:65) ~[junit-jupiter-engine-5.7.2.jar:5.7.2]
	at org.junit.platform.engine.support.hierarchical.NodeTestTask.lambda$prepare$1(NodeTestTask.java:111) ~[junit-platform-engine-1.7.2.jar:1.7.2]
	at org.junit.platform.engine.support.hierarchical.ThrowableCollector.execute(ThrowableCollector.java:73) ~[junit-platform-engine-1.7.2.jar:1.7.2]
	at org.junit.platform.engine.support.hierarchical.NodeTestTask.prepare(NodeTestTask.java:111) ~[junit-platform-engine-1.7.2.jar:1.7.2]
	at org.junit.platform.engine.support.hierarchical.NodeTestTask.execute(NodeTestTask.java:79) ~[junit-platform-engine-1.7.2.jar:1.7.2]
	at java.util.ArrayList.forEach(ArrayList.java:1259) ~[na:na]
	at org.junit.platform.engine.support.hierarchical.SameThreadHierarchicalTestExecutorService.invokeAll(SameThreadHierarchicalTestExecutorService.java:38) ~[junit-platform-engine-1.7.2.jar:1.7.2]
	at org.junit.platform.engine.support.hierarchical.NodeTestTask.lambda$executeRecursively$5(NodeTestTask.java:143) ~[junit-platform-engine-1.7.2.jar:1.7.2]
	at org.junit.platform.engine.support.hierarchical.ThrowableCollector.execute(ThrowableCollector.java:73) ~[junit-platform-engine-1.7.2.jar:1.7.2]
	at org.junit.platform.engine.support.hierarchical.NodeTestTask.lambda$executeRecursively$7(NodeTestTask.java:129) ~[junit-platform-engine-1.7.2.jar:1.7.2]
	at org.junit.platform.engine.support.hierarchical.Node.around(Node.java:137) ~[junit-platform-engine-1.7.2.jar:1.7.2]
	at org.junit.platform.engine.support.hierarchical.NodeTestTask.lambda$executeRecursively$8(NodeTestTask.java:127) ~[junit-platform-engine-1.7.2.jar:1.7.2]
	at org.junit.platform.engine.support.hierarchical.ThrowableCollector.execute(ThrowableCollector.java:73) ~[junit-platform-engine-1.7.2.jar:1.7.2]
	at org.junit.platform.engine.support.hierarchical.NodeTestTask.executeRecursively(NodeTestTask.java:126) ~[junit-platform-engine-1.7.2.jar:1.7.2]
	at org.junit.platform.engine.support.hierarchical.NodeTestTask.execute(NodeTestTask.java:84) ~[junit-platform-engine-1.7.2.jar:1.7.2]
	at java.util.ArrayList.forEach(ArrayList.java:1259) ~[na:na]
	at org.junit.platform.engine.support.hierarchical.SameThreadHierarchicalTestExecutorService.invokeAll(SameThreadHierarchicalTestExecutorService.java:38) ~[junit-platform-engine-1.7.2.jar:1.7.2]
	at org.junit.platform.engine.support.hierarchical.NodeTestTask.lambda$executeRecursively$5(NodeTestTask.java:143) ~[junit-platform-engine-1.7.2.jar:1.7.2]
	at org.junit.platform.engine.support.hierarchical.ThrowableCollector.execute(ThrowableCollector.java:73) ~[junit-platform-engine-1.7.2.jar:1.7.2]
	at org.junit.platform.engine.support.hierarchical.NodeTestTask.lambda$executeRecursively$7(NodeTestTask.java:129) ~[junit-platform-engine-1.7.2.jar:1.7.2]
	at org.junit.platform.engine.support.hierarchical.Node.around(Node.java:137) ~[junit-platform-engine-1.7.2.jar:1.7.2]
	at org.junit.platform.engine.support.hierarchical.NodeTestTask.lambda$executeRecursively$8(NodeTestTask.java:127) ~[junit-platform-engine-1.7.2.jar:1.7.2]
	at org.junit.platform.engine.support.hierarchical.ThrowableCollector.execute(ThrowableCollector.java:73) ~[junit-platform-engine-1.7.2.jar:1.7.2]
	at org.junit.platform.engine.support.hierarchical.NodeTestTask.executeRecursively(NodeTestTask.java:126) ~[junit-platform-engine-1.7.2.jar:1.7.2]
	at org.junit.platform.engine.support.hierarchical.NodeTestTask.execute(NodeTestTask.java:84) ~[junit-platform-engine-1.7.2.jar:1.7.2]
	at org.junit.platform.engine.support.hierarchical.SameThreadHierarchicalTestExecutorService.submit(SameThreadHierarchicalTestExecutorService.java:32) ~[junit-platform-engine-1.7.2.jar:1.7.2]
	at org.junit.platform.engine.support.hierarchical.HierarchicalTestExecutor.execute(HierarchicalTestExecutor.java:57) ~[junit-platform-engine-1.7.2.jar:1.7.2]
	at org.junit.platform.engine.support.hierarchical.HierarchicalTestEngine.execute(HierarchicalTestEngine.java:51) ~[junit-platform-engine-1.7.2.jar:1.7.2]
	at org.junit.platform.launcher.core.DefaultLauncher.execute(DefaultLauncher.java:220) ~[junit-platform-launcher-1.3.1.jar:1.3.1]
	at org.junit.platform.launcher.core.DefaultLauncher.lambda$execute$6(DefaultLauncher.java:188) ~[junit-platform-launcher-1.3.1.jar:1.3.1]
	at org.junit.platform.launcher.core.DefaultLauncher.withInterceptedStreams(DefaultLauncher.java:202) ~[junit-platform-launcher-1.3.1.jar:1.3.1]
	at org.junit.platform.launcher.core.DefaultLauncher.execute(DefaultLauncher.java:181) ~[junit-platform-launcher-1.3.1.jar:1.3.1]
	at org.junit.platform.launcher.core.DefaultLauncher.execute(DefaultLauncher.java:128) ~[junit-platform-launcher-1.3.1.jar:1.3.1]
	at org.apache.maven.surefire.junitplatform.JUnitPlatformProvider.invokeAllTests(JUnitPlatformProvider.java:150) ~[surefire-junit-platform-2.22.2.jar:2.22.2]
	at org.apache.maven.surefire.junitplatform.JUnitPlatformProvider.invoke(JUnitPlatformProvider.java:124) ~[surefire-junit-platform-2.22.2.jar:2.22.2]
	at org.apache.maven.surefire.booter.ForkedBooter.invokeProviderInSameClassLoader(ForkedBooter.java:384) ~[surefire-booter-2.22.2.jar:2.22.2]
	at org.apache.maven.surefire.booter.ForkedBooter.runSuitesInProcess(ForkedBooter.java:345) ~[surefire-booter-2.22.2.jar:2.22.2]
	at org.apache.maven.surefire.booter.ForkedBooter.execute(ForkedBooter.java:126) ~[surefire-booter-2.22.2.jar:2.22.2]
	at org.apache.maven.surefire.booter.ForkedBooter.main(ForkedBooter.java:418) ~[surefire-booter-2.22.2.jar:2.22.2]
Caused by: java.io.FileNotFoundException: Could not open ServletContext resource [/jdbc.properties]
	at org.springframework.web.context.support.ServletContextResource.getInputStream(ServletContextResource.java:159) ~[spring-web-5.3.9.jar:5.3.9]
	at org.springframework.core.io.support.EncodedResource.getInputStream(EncodedResource.java:159) ~[spring-core-5.3.9.jar:5.3.9]
	at org.springframework.core.io.support.PropertiesLoaderUtils.fillProperties(PropertiesLoaderUtils.java:110) ~[spring-core-5.3.9.jar:5.3.9]
	at org.springframework.core.io.support.PropertiesLoaderUtils.fillProperties(PropertiesLoaderUtils.java:81) ~[spring-core-5.3.9.jar:5.3.9]
	at org.springframework.core.io.support.PropertiesLoaderUtils.loadProperties(PropertiesLoaderUtils.java:67) ~[spring-core-5.3.9.jar:5.3.9]
	at org.springframework.core.io.support.ResourcePropertySource.<init>(ResourcePropertySource.java:67) ~[spring-core-5.3.9.jar:5.3.9]
	at org.springframework.core.io.support.DefaultPropertySourceFactory.createPropertySource(DefaultPropertySourceFactory.java:37) ~[spring-core-5.3.9.jar:5.3.9]
	at org.springframework.context.annotation.ConfigurationClassParser.processPropertySource(ConfigurationClassParser.java:463) ~[spring-context-5.3.9.jar:5.3.9]
	at org.springframework.context.annotation.ConfigurationClassParser.doProcessConfigurationClass(ConfigurationClassParser.java:280) ~[spring-context-5.3.9.jar:5.3.9]
	at org.springframework.context.annotation.ConfigurationClassParser.processConfigurationClass(ConfigurationClassParser.java:250) ~[spring-context-5.3.9.jar:5.3.9]
	at org.springframework.context.annotation.ConfigurationClassParser.parse(ConfigurationClassParser.java:199) ~[spring-context-5.3.9.jar:5.3.9]
	at org.springframework.context.annotation.ConfigurationClassParser.doProcessConfigurationClass(ConfigurationClassParser.java:304) ~[spring-context-5.3.9.jar:5.3.9]
	at org.springframework.context.annotation.ConfigurationClassParser.processConfigurationClass(ConfigurationClassParser.java:250) ~[spring-context-5.3.9.jar:5.3.9]
	at org.springframework.context.annotation.ConfigurationClassParser.parse(ConfigurationClassParser.java:207) ~[spring-context-5.3.9.jar:5.3.9]
	at org.springframework.context.annotation.ConfigurationClassParser.parse(ConfigurationClassParser.java:175) ~[spring-context-5.3.9.jar:5.3.9]
	... 79 common frames omitted

2023-09-22 09:20:29.038 ERROR 26712 --- [main] o.s.test.context.TestContextManager      : Caught exception while allowing TestExecutionListener [org.springframework.test.context.web.ServletTestExecutionListener@7dc3712] to prepare test instance [com.example.demo1.Demo1ApplicationTests@4ad4936c]

java.lang.IllegalStateException: Failed to load ApplicationContext
	at org.springframework.test.context.cache.DefaultCacheAwareContextLoaderDelegate.loadContext(DefaultCacheAwareContextLoaderDelegate.java:132) ~[spring-test-5.3.9.jar:5.3.9]
	at org.springframework.test.context.support.DefaultTestContext.getApplicationContext(DefaultTestContext.java:124) ~[spring-test-5.3.9.jar:5.3.9]
	at org.springframework.test.context.web.ServletTestExecutionListener.setUpRequestContextIfNecessary(ServletTestExecutionListener.java:190) ~[spring-test-5.3.9.jar:5.3.9]
	at org.springframework.test.context.web.ServletTestExecutionListener.prepareTestInstance(ServletTestExecutionListener.java:132) ~[spring-test-5.3.9.jar:5.3.9]
	at org.springframework.test.context.TestContextManager.prepareTestInstance(TestContextManager.java:244) ~[spring-test-5.3.9.jar:5.3.9]
	at org.springframework.test.context.junit.jupiter.SpringExtension.postProcessTestInstance(SpringExtension.java:138) [spring-test-5.3.9.jar:5.3.9]
	at org.junit.jupiter.engine.descriptor.ClassBasedTestDescriptor.lambda$invokeTestInstancePostProcessors$6(ClassBasedTestDescriptor.java:350) [junit-jupiter-engine-5.7.2.jar:5.7.2]
	at org.junit.jupiter.engine.descriptor.ClassBasedTestDescriptor.executeAndMaskThrowable(ClassBasedTestDescriptor.java:355) [junit-jupiter-engine-5.7.2.jar:5.7.2]
	at org.junit.jupiter.engine.descriptor.ClassBasedTestDescriptor.lambda$invokeTestInstancePostProcessors$7(ClassBasedTestDescriptor.java:350) [junit-jupiter-engine-5.7.2.jar:5.7.2]
	at java.util.stream.ReferencePipeline$3$1.accept(ReferencePipeline.java:193) ~[na:na]
	at java.util.stream.ReferencePipeline$2$1.accept(ReferencePipeline.java:175) ~[na:na]
	at java.util.ArrayList$ArrayListSpliterator.forEachRemaining(ArrayList.java:1384) ~[na:na]
	at java.util.stream.AbstractPipeline.copyInto(AbstractPipeline.java:482) ~[na:na]
	at java.util.stream.AbstractPipeline.wrapAndCopyInto(AbstractPipeline.java:472) ~[na:na]
	at java.util.stream.StreamSpliterators$WrappingSpliterator.forEachRemaining(StreamSpliterators.java:313) ~[na:na]
	at java.util.stream.Streams$ConcatSpliterator.forEachRemaining(Streams.java:743) ~[na:na]
	at java.util.stream.Streams$ConcatSpliterator.forEachRemaining(Streams.java:742) ~[na:na]
	at java.util.stream.ReferencePipeline$Head.forEach(ReferencePipeline.java:647) ~[na:na]
	at org.junit.jupiter.engine.descriptor.ClassBasedTestDescriptor.invokeTestInstancePostProcessors(ClassBasedTestDescriptor.java:349) [junit-jupiter-engine-5.7.2.jar:5.7.2]
	at org.junit.jupiter.engine.descriptor.ClassBasedTestDescriptor.lambda$instantiateAndPostProcessTestInstance$4(ClassBasedTestDescriptor.java:270) [junit-jupiter-engine-5.7.2.jar:5.7.2]
	at org.junit.platform.engine.support.hierarchical.ThrowableCollector.execute(ThrowableCollector.java:73) ~[junit-platform-engine-1.7.2.jar:1.7.2]
	at org.junit.jupiter.engine.descriptor.ClassBasedTestDescriptor.instantiateAndPostProcessTestInstance(ClassBasedTestDescriptor.java:269) [junit-jupiter-engine-5.7.2.jar:5.7.2]
	at org.junit.jupiter.engine.descriptor.ClassBasedTestDescriptor.lambda$testInstancesProvider$2(ClassBasedTestDescriptor.java:259) [junit-jupiter-engine-5.7.2.jar:5.7.2]
	at java.util.Optional.orElseGet(Optional.java:267) ~[na:na]
	at org.junit.jupiter.engine.descriptor.ClassBasedTestDescriptor.lambda$testInstancesProvider$3(ClassBasedTestDescriptor.java:258) [junit-jupiter-engine-5.7.2.jar:5.7.2]
	at org.junit.jupiter.engine.execution.TestInstancesProvider.getTestInstances(TestInstancesProvider.java:31) ~[junit-jupiter-engine-5.7.2.jar:5.7.2]
	at org.junit.jupiter.engine.descriptor.TestMethodTestDescriptor.lambda$prepare$0(TestMethodTestDescriptor.java:101) ~[junit-jupiter-engine-5.7.2.jar:5.7.2]
	at org.junit.platform.engine.support.hierarchical.ThrowableCollector.execute(ThrowableCollector.java:73) ~[junit-platform-engine-1.7.2.jar:1.7.2]
	at org.junit.jupiter.engine.descriptor.TestMethodTestDescriptor.prepare(TestMethodTestDescriptor.java:100) ~[junit-jupiter-engine-5.7.2.jar:5.7.2]
	at org.junit.jupiter.engine.descriptor.TestMethodTestDescriptor.prepare(TestMethodTestDescriptor.java:65) ~[junit-jupiter-engine-5.7.2.jar:5.7.2]
	at org.junit.platform.engine.support.hierarchical.NodeTestTask.lambda$prepare$1(NodeTestTask.java:111) ~[junit-platform-engine-1.7.2.jar:1.7.2]
	at org.junit.platform.engine.support.hierarchical.ThrowableCollector.execute(ThrowableCollector.java:73) ~[junit-platform-engine-1.7.2.jar:1.7.2]
	at org.junit.platform.engine.support.hierarchical.NodeTestTask.prepare(NodeTestTask.java:111) ~[junit-platform-engine-1.7.2.jar:1.7.2]
	at org.junit.platform.engine.support.hierarchical.NodeTestTask.execute(NodeTestTask.java:79) ~[junit-platform-engine-1.7.2.jar:1.7.2]
	at java.util.ArrayList.forEach(ArrayList.java:1259) ~[na:na]
	at org.junit.platform.engine.support.hierarchical.SameThreadHierarchicalTestExecutorService.invokeAll(SameThreadHierarchicalTestExecutorService.java:38) ~[junit-platform-engine-1.7.2.jar:1.7.2]
	at org.junit.platform.engine.support.hierarchical.NodeTestTask.lambda$executeRecursively$5(NodeTestTask.java:143) ~[junit-platform-engine-1.7.2.jar:1.7.2]
	at org.junit.platform.engine.support.hierarchical.ThrowableCollector.execute(ThrowableCollector.java:73) ~[junit-platform-engine-1.7.2.jar:1.7.2]
	at org.junit.platform.engine.support.hierarchical.NodeTestTask.lambda$executeRecursively$7(NodeTestTask.java:129) ~[junit-platform-engine-1.7.2.jar:1.7.2]
	at org.junit.platform.engine.support.hierarchical.Node.around(Node.java:137) ~[junit-platform-engine-1.7.2.jar:1.7.2]
	at org.junit.platform.engine.support.hierarchical.NodeTestTask.lambda$executeRecursively$8(NodeTestTask.java:127) ~[junit-platform-engine-1.7.2.jar:1.7.2]
	at org.junit.platform.engine.support.hierarchical.ThrowableCollector.execute(ThrowableCollector.java:73) ~[junit-platform-engine-1.7.2.jar:1.7.2]
	at org.junit.platform.engine.support.hierarchical.NodeTestTask.executeRecursively(NodeTestTask.java:126) ~[junit-platform-engine-1.7.2.jar:1.7.2]
	at org.junit.platform.engine.support.hierarchical.NodeTestTask.execute(NodeTestTask.java:84) ~[junit-platform-engine-1.7.2.jar:1.7.2]
	at java.util.ArrayList.forEach(ArrayList.java:1259) ~[na:na]
	at org.junit.platform.engine.support.hierarchical.SameThreadHierarchicalTestExecutorService.invokeAll(SameThreadHierarchicalTestExecutorService.java:38) ~[junit-platform-engine-1.7.2.jar:1.7.2]
	at org.junit.platform.engine.support.hierarchical.NodeTestTask.lambda$executeRecursively$5(NodeTestTask.java:143) ~[junit-platform-engine-1.7.2.jar:1.7.2]
	at org.junit.platform.engine.support.hierarchical.ThrowableCollector.execute(ThrowableCollector.java:73) ~[junit-platform-engine-1.7.2.jar:1.7.2]
	at org.junit.platform.engine.support.hierarchical.NodeTestTask.lambda$executeRecursively$7(NodeTestTask.java:129) ~[junit-platform-engine-1.7.2.jar:1.7.2]
	at org.junit.platform.engine.support.hierarchical.Node.around(Node.java:137) ~[junit-platform-engine-1.7.2.jar:1.7.2]
	at org.junit.platform.engine.support.hierarchical.NodeTestTask.lambda$executeRecursively$8(NodeTestTask.java:127) ~[junit-platform-engine-1.7.2.jar:1.7.2]
	at org.junit.platform.engine.support.hierarchical.ThrowableCollector.execute(ThrowableCollector.java:73) ~[junit-platform-engine-1.7.2.jar:1.7.2]
	at org.junit.platform.engine.support.hierarchical.NodeTestTask.executeRecursively(NodeTestTask.java:126) ~[junit-platform-engine-1.7.2.jar:1.7.2]
	at org.junit.platform.engine.support.hierarchical.NodeTestTask.execute(NodeTestTask.java:84) ~[junit-platform-engine-1.7.2.jar:1.7.2]
	at org.junit.platform.engine.support.hierarchical.SameThreadHierarchicalTestExecutorService.submit(SameThreadHierarchicalTestExecutorService.java:32) ~[junit-platform-engine-1.7.2.jar:1.7.2]
	at org.junit.platform.engine.support.hierarchical.HierarchicalTestExecutor.execute(HierarchicalTestExecutor.java:57) ~[junit-platform-engine-1.7.2.jar:1.7.2]
	at org.junit.platform.engine.support.hierarchical.HierarchicalTestEngine.execute(HierarchicalTestEngine.java:51) ~[junit-platform-engine-1.7.2.jar:1.7.2]
	at org.junit.platform.launcher.core.DefaultLauncher.execute(DefaultLauncher.java:220) ~[junit-platform-launcher-1.3.1.jar:1.3.1]
	at org.junit.platform.launcher.core.DefaultLauncher.lambda$execute$6(DefaultLauncher.java:188) ~[junit-platform-launcher-1.3.1.jar:1.3.1]
	at org.junit.platform.launcher.core.DefaultLauncher.withInterceptedStreams(DefaultLauncher.java:202) ~[junit-platform-launcher-1.3.1.jar:1.3.1]
	at org.junit.platform.launcher.core.DefaultLauncher.execute(DefaultLauncher.java:181) ~[junit-platform-launcher-1.3.1.jar:1.3.1]
	at org.junit.platform.launcher.core.DefaultLauncher.execute(DefaultLauncher.java:128) ~[junit-platform-launcher-1.3.1.jar:1.3.1]
	at org.apache.maven.surefire.junitplatform.JUnitPlatformProvider.invokeAllTests(JUnitPlatformProvider.java:150) ~[surefire-junit-platform-2.22.2.jar:2.22.2]
	at org.apache.maven.surefire.junitplatform.JUnitPlatformProvider.invoke(JUnitPlatformProvider.java:124) ~[surefire-junit-platform-2.22.2.jar:2.22.2]
	at org.apache.maven.surefire.booter.ForkedBooter.invokeProviderInSameClassLoader(ForkedBooter.java:384) ~[surefire-booter-2.22.2.jar:2.22.2]
	at org.apache.maven.surefire.booter.ForkedBooter.runSuitesInProcess(ForkedBooter.java:345) ~[surefire-booter-2.22.2.jar:2.22.2]
	at org.apache.maven.surefire.booter.ForkedBooter.execute(ForkedBooter.java:126) ~[surefire-booter-2.22.2.jar:2.22.2]
	at org.apache.maven.surefire.booter.ForkedBooter.main(ForkedBooter.java:418) ~[surefire-booter-2.22.2.jar:2.22.2]
Caused by: org.springframework.beans.factory.BeanDefinitionStoreException: Failed to parse configuration class [com.example.demo1.Demo1Application]; nested exception is java.io.FileNotFoundException: Could not open ServletContext resource [/jdbc.properties]
	at org.springframework.context.annotation.ConfigurationClassParser.parse(ConfigurationClassParser.java:189) ~[spring-context-5.3.9.jar:5.3.9]
	at org.springframework.context.annotation.ConfigurationClassPostProcessor.processConfigBeanDefinitions(ConfigurationClassPostProcessor.java:331) ~[spring-context-5.3.9.jar:5.3.9]
	at org.springframework.context.annotation.ConfigurationClassPostProcessor.postProcessBeanDefinitionRegistry(ConfigurationClassPostProcessor.java:247) ~[spring-context-5.3.9.jar:5.3.9]
	at org.springframework.context.support.PostProcessorRegistrationDelegate.invokeBeanDefinitionRegistryPostProcessors(PostProcessorRegistrationDelegate.java:311) ~[spring-context-5.3.9.jar:5.3.9]
	at org.springframework.context.support.PostProcessorRegistrationDelegate.invokeBeanFactoryPostProcessors(PostProcessorRegistrationDelegate.java:112) ~[spring-context-5.3.9.jar:5.3.9]
	at org.springframework.context.support.AbstractApplicationContext.invokeBeanFactoryPostProcessors(AbstractApplicationContext.java:746) ~[spring-context-5.3.9.jar:5.3.9]
	at org.springframework.context.support.AbstractApplicationContext.refresh(AbstractApplicationContext.java:564) ~[spring-context-5.3.9.jar:5.3.9]
	at org.springframework.boot.SpringApplication.refresh(SpringApplication.java:754) ~[spring-boot-2.5.4.jar:2.5.4]
	at org.springframework.boot.SpringApplication.refreshContext(SpringApplication.java:434) ~[spring-boot-2.5.4.jar:2.5.4]
	at org.springframework.boot.SpringApplication.run(SpringApplication.java:338) ~[spring-boot-2.5.4.jar:2.5.4]
	at org.springframework.boot.test.context.SpringBootContextLoader.loadContext(SpringBootContextLoader.java:123) ~[spring-boot-test-2.5.4.jar:2.5.4]
	at org.springframework.test.context.cache.DefaultCacheAwareContextLoaderDelegate.loadContextInternal(DefaultCacheAwareContextLoaderDelegate.java:99) ~[spring-test-5.3.9.jar:5.3.9]
	at org.springframework.test.context.cache.DefaultCacheAwareContextLoaderDelegate.loadContext(DefaultCacheAwareContextLoaderDelegate.java:124) ~[spring-test-5.3.9.jar:5.3.9]
	... 67 common frames omitted
Caused by: java.io.FileNotFoundException: Could not open ServletContext resource [/jdbc.properties]
	at org.springframework.web.context.support.ServletContextResource.getInputStream(ServletContextResource.java:159) ~[spring-web-5.3.9.jar:5.3.9]
	at org.springframework.core.io.support.EncodedResource.getInputStream(EncodedResource.java:159) ~[spring-core-5.3.9.jar:5.3.9]
	at org.springframework.core.io.support.PropertiesLoaderUtils.fillProperties(PropertiesLoaderUtils.java:110) ~[spring-core-5.3.9.jar:5.3.9]
	at org.springframework.core.io.support.PropertiesLoaderUtils.fillProperties(PropertiesLoaderUtils.java:81) ~[spring-core-5.3.9.jar:5.3.9]
	at org.springframework.core.io.support.PropertiesLoaderUtils.loadProperties(PropertiesLoaderUtils.java:67) ~[spring-core-5.3.9.jar:5.3.9]
	at org.springframework.core.io.support.ResourcePropertySource.<init>(ResourcePropertySource.java:67) ~[spring-core-5.3.9.jar:5.3.9]
	at org.springframework.core.io.support.DefaultPropertySourceFactory.createPropertySource(DefaultPropertySourceFactory.java:37) ~[spring-core-5.3.9.jar:5.3.9]
	at org.springframework.context.annotation.ConfigurationClassParser.processPropertySource(ConfigurationClassParser.java:463) ~[spring-context-5.3.9.jar:5.3.9]
	at org.springframework.context.annotation.ConfigurationClassParser.doProcessConfigurationClass(ConfigurationClassParser.java:280) ~[spring-context-5.3.9.jar:5.3.9]
	at org.springframework.context.annotation.ConfigurationClassParser.processConfigurationClass(ConfigurationClassParser.java:250) ~[spring-context-5.3.9.jar:5.3.9]
	at org.springframework.context.annotation.ConfigurationClassParser.parse(ConfigurationClassParser.java:199) ~[spring-context-5.3.9.jar:5.3.9]
	at org.springframework.context.annotation.ConfigurationClassParser.doProcessConfigurationClass(ConfigurationClassParser.java:304) ~[spring-context-5.3.9.jar:5.3.9]
	at org.springframework.context.annotation.ConfigurationClassParser.processConfigurationClass(ConfigurationClassParser.java:250) ~[spring-context-5.3.9.jar:5.3.9]
	at org.springframework.context.annotation.ConfigurationClassParser.parse(ConfigurationClassParser.java:207) ~[spring-context-5.3.9.jar:5.3.9]
	at org.springframework.context.annotation.ConfigurationClassParser.parse(ConfigurationClassParser.java:175) ~[spring-context-5.3.9.jar:5.3.9]
	... 79 common frames omitted

